[08-Dec-2019 02:37:37 UTC] WordPress database error Table 'tvqhub.wp_qod' doesn't exist for query SELECT * FROM wp_qod ORDER BY RAND() LIMIT 1 made by require('wp-blog-header.php'), require_once('wp-includes/template-loader.php'), include('/themes/tvqhub/index.php'), get_sidebar, locate_template, load_template, require_once('/themes/tvqhub/sidebar.php'), do_shortcode, preg_replace_callback, do_shortcode_tag, {closure}, render, get_template_part, locate_template, load_template, require('/themes/tvqhub/inc/qod/v-qod.php'), tvqhub_get_data_qod
[08-Dec-2019 02:37:37 UTC] PHP Notice:  Trying to get property 'quote' of non-object in /Users/tvq/www/tvqhub/wp-content/themes/tvqhub/inc/qod/v-qod.php on line 9
[08-Dec-2019 02:37:37 UTC] PHP Stack trace:
[08-Dec-2019 02:37:37 UTC] PHP   1. {main}() /Users/tvq/www/tvqhub/index.php:0
[08-Dec-2019 02:37:37 UTC] PHP   2. require() /Users/tvq/www/tvqhub/index.php:17
[08-Dec-2019 02:37:37 UTC] PHP   3. require_once() /Users/tvq/www/tvqhub/wp-blog-header.php:19
[08-Dec-2019 02:37:37 UTC] PHP   4. include() /Users/tvq/www/tvqhub/wp-includes/template-loader.php:98
[08-Dec-2019 02:37:37 UTC] PHP   5. get_sidebar() /Users/tvq/www/tvqhub/wp-content/themes/tvqhub/index.php:23
[08-Dec-2019 02:37:37 UTC] PHP   6. locate_template() /Users/tvq/www/tvqhub/wp-includes/general-template.php:111
[08-Dec-2019 02:37:37 UTC] PHP   7. load_template() /Users/tvq/www/tvqhub/wp-includes/template.php:671
[08-Dec-2019 02:37:37 UTC] PHP   8. require_once() /Users/tvq/www/tvqhub/wp-includes/template.php:722
[08-Dec-2019 02:37:37 UTC] PHP   9. do_shortcode() /Users/tvq/www/tvqhub/wp-content/themes/tvqhub/sidebar.php:14
[08-Dec-2019 02:37:37 UTC] PHP  10. preg_replace_callback() /Users/tvq/www/tvqhub/wp-includes/shortcodes.php:199
[08-Dec-2019 02:37:37 UTC] PHP  11. do_shortcode_tag() /Users/tvq/www/tvqhub/wp-includes/shortcodes.php:199
[08-Dec-2019 02:37:37 UTC] PHP  12. {closure:/Users/tvq/www/tvqhub/wp-content/themes/tvqhub/inc/shortcodes.php:17-17}() /Users/tvq/www/tvqhub/wp-includes/shortcodes.php:325
[08-Dec-2019 02:37:37 UTC] PHP  13. render() /Users/tvq/www/tvqhub/wp-content/themes/tvqhub/inc/shortcodes.php:17
[08-Dec-2019 02:37:37 UTC] PHP  14. get_template_part() /Users/tvq/www/tvqhub/wp-content/themes/tvqhub/inc/shortcodes.php:28
[08-Dec-2019 02:37:37 UTC] PHP  15. locate_template() /Users/tvq/www/tvqhub/wp-includes/general-template.php:168
[08-Dec-2019 02:37:37 UTC] PHP  16. load_template() /Users/tvq/www/tvqhub/wp-includes/template.php:671
[08-Dec-2019 02:37:37 UTC] PHP  17. require() /Users/tvq/www/tvqhub/wp-includes/template.php:724
[08-Dec-2019 02:37:37 UTC] PHP Notice:  Trying to get property 'author' of non-object in /Users/tvq/www/tvqhub/wp-content/themes/tvqhub/inc/qod/v-qod.php on line 10
[08-Dec-2019 02:37:37 UTC] PHP Stack trace:
[08-Dec-2019 02:37:37 UTC] PHP   1. {main}() /Users/tvq/www/tvqhub/index.php:0
[08-Dec-2019 02:37:37 UTC] PHP   2. require() /Users/tvq/www/tvqhub/index.php:17
[08-Dec-2019 02:37:37 UTC] PHP   3. require_once() /Users/tvq/www/tvqhub/wp-blog-header.php:19
[08-Dec-2019 02:37:37 UTC] PHP   4. include() /Users/tvq/www/tvqhub/wp-includes/template-loader.php:98
[08-Dec-2019 02:37:37 UTC] PHP   5. get_sidebar() /Users/tvq/www/tvqhub/wp-content/themes/tvqhub/index.php:23
[08-Dec-2019 02:37:37 UTC] PHP   6. locate_template() /Users/tvq/www/tvqhub/wp-includes/general-template.php:111
[08-Dec-2019 02:37:37 UTC] PHP   7. load_template() /Users/tvq/www/tvqhub/wp-includes/template.php:671
[08-Dec-2019 02:37:37 UTC] PHP   8. require_once() /Users/tvq/www/tvqhub/wp-includes/template.php:722
[08-Dec-2019 02:37:37 UTC] PHP   9. do_shortcode() /Users/tvq/www/tvqhub/wp-content/themes/tvqhub/sidebar.php:14
[08-Dec-2019 02:37:37 UTC] PHP  10. preg_replace_callback() /Users/tvq/www/tvqhub/wp-includes/shortcodes.php:199
[08-Dec-2019 02:37:37 UTC] PHP  11. do_shortcode_tag() /Users/tvq/www/tvqhub/wp-includes/shortcodes.php:199
[08-Dec-2019 02:37:37 UTC] PHP  12. {closure:/Users/tvq/www/tvqhub/wp-content/themes/tvqhub/inc/shortcodes.php:17-17}() /Users/tvq/www/tvqhub/wp-includes/shortcodes.php:325
[08-Dec-2019 02:37:37 UTC] PHP  13. render() /Users/tvq/www/tvqhub/wp-content/themes/tvqhub/inc/shortcodes.php:17
[08-Dec-2019 02:37:37 UTC] PHP  14. get_template_part() /Users/tvq/www/tvqhub/wp-content/themes/tvqhub/inc/shortcodes.php:28
[08-Dec-2019 02:37:37 UTC] PHP  15. locate_template() /Users/tvq/www/tvqhub/wp-includes/general-template.php:168
[08-Dec-2019 02:37:37 UTC] PHP  16. load_template() /Users/tvq/www/tvqhub/wp-includes/template.php:671
[08-Dec-2019 02:37:37 UTC] PHP  17. require() /Users/tvq/www/tvqhub/wp-includes/template.php:724
[08-Dec-2019 02:37:37 UTC] WordPress database error Table 'tvqhub.wp_qod' doesn't exist for query SELECT * FROM wp_qod ORDER BY RAND() LIMIT 1 made by require('wp-blog-header.php'), require_once('wp-includes/template-loader.php'), include('/themes/tvqhub/index.php'), get_sidebar, locate_template, load_template, require_once('/themes/tvqhub/sidebar.php'), do_shortcode, preg_replace_callback, do_shortcode_tag, {closure}, render, get_template_part, locate_template, load_template, require('/themes/tvqhub/inc/qod/v-qod.php'), tvqhub_get_data_qod
[08-Dec-2019 02:37:37 UTC] PHP Notice:  Trying to get property 'quote' of non-object in /Users/tvq/www/tvqhub/wp-content/themes/tvqhub/inc/qod/v-qod.php on line 9
[08-Dec-2019 02:37:37 UTC] PHP Stack trace:
[08-Dec-2019 02:37:37 UTC] PHP   1. {main}() /Users/tvq/www/tvqhub/index.php:0
[08-Dec-2019 02:37:37 UTC] PHP   2. require() /Users/tvq/www/tvqhub/index.php:17
[08-Dec-2019 02:37:37 UTC] PHP   3. require_once() /Users/tvq/www/tvqhub/wp-blog-header.php:19
[08-Dec-2019 02:37:37 UTC] PHP   4. include() /Users/tvq/www/tvqhub/wp-includes/template-loader.php:98
[08-Dec-2019 02:37:37 UTC] PHP   5. get_sidebar() /Users/tvq/www/tvqhub/wp-content/themes/tvqhub/index.php:23
[08-Dec-2019 02:37:37 UTC] PHP   6. locate_template() /Users/tvq/www/tvqhub/wp-includes/general-template.php:111
[08-Dec-2019 02:37:37 UTC] PHP   7. load_template() /Users/tvq/www/tvqhub/wp-includes/template.php:671
[08-Dec-2019 02:37:37 UTC] PHP   8. require_once() /Users/tvq/www/tvqhub/wp-includes/template.php:722
[08-Dec-2019 02:37:37 UTC] PHP   9. do_shortcode() /Users/tvq/www/tvqhub/wp-content/themes/tvqhub/sidebar.php:14
[08-Dec-2019 02:37:37 UTC] PHP  10. preg_replace_callback() /Users/tvq/www/tvqhub/wp-includes/shortcodes.php:199
[08-Dec-2019 02:37:37 UTC] PHP  11. do_shortcode_tag() /Users/tvq/www/tvqhub/wp-includes/shortcodes.php:199
[08-Dec-2019 02:37:37 UTC] PHP  12. {closure:/Users/tvq/www/tvqhub/wp-content/themes/tvqhub/inc/shortcodes.php:17-17}() /Users/tvq/www/tvqhub/wp-includes/shortcodes.php:325
[08-Dec-2019 02:37:37 UTC] PHP  13. render() /Users/tvq/www/tvqhub/wp-content/themes/tvqhub/inc/shortcodes.php:17
[08-Dec-2019 02:37:37 UTC] PHP  14. get_template_part() /Users/tvq/www/tvqhub/wp-content/themes/tvqhub/inc/shortcodes.php:28
[08-Dec-2019 02:37:37 UTC] PHP  15. locate_template() /Users/tvq/www/tvqhub/wp-includes/general-template.php:168
[08-Dec-2019 02:37:37 UTC] PHP  16. load_template() /Users/tvq/www/tvqhub/wp-includes/template.php:671
[08-Dec-2019 02:37:37 UTC] PHP  17. require() /Users/tvq/www/tvqhub/wp-includes/template.php:724
[08-Dec-2019 02:37:37 UTC] PHP Notice:  Trying to get property 'author' of non-object in /Users/tvq/www/tvqhub/wp-content/themes/tvqhub/inc/qod/v-qod.php on line 10
[08-Dec-2019 02:37:37 UTC] PHP Stack trace:
[08-Dec-2019 02:37:37 UTC] PHP   1. {main}() /Users/tvq/www/tvqhub/index.php:0
[08-Dec-2019 02:37:37 UTC] PHP   2. require() /Users/tvq/www/tvqhub/index.php:17
[08-Dec-2019 02:37:37 UTC] PHP   3. require_once() /Users/tvq/www/tvqhub/wp-blog-header.php:19
[08-Dec-2019 02:37:37 UTC] PHP   4. include() /Users/tvq/www/tvqhub/wp-includes/template-loader.php:98
[08-Dec-2019 02:37:37 UTC] PHP   5. get_sidebar() /Users/tvq/www/tvqhub/wp-content/themes/tvqhub/index.php:23
[08-Dec-2019 02:37:37 UTC] PHP   6. locate_template() /Users/tvq/www/tvqhub/wp-includes/general-template.php:111
[08-Dec-2019 02:37:37 UTC] PHP   7. load_template() /Users/tvq/www/tvqhub/wp-includes/template.php:671
[08-Dec-2019 02:37:37 UTC] PHP   8. require_once() /Users/tvq/www/tvqhub/wp-includes/template.php:722
[08-Dec-2019 02:37:37 UTC] PHP   9. do_shortcode() /Users/tvq/www/tvqhub/wp-content/themes/tvqhub/sidebar.php:14
[08-Dec-2019 02:37:37 UTC] PHP  10. preg_replace_callback() /Users/tvq/www/tvqhub/wp-includes/shortcodes.php:199
[08-Dec-2019 02:37:37 UTC] PHP  11. do_shortcode_tag() /Users/tvq/www/tvqhub/wp-includes/shortcodes.php:199
[08-Dec-2019 02:37:37 UTC] PHP  12. {closure:/Users/tvq/www/tvqhub/wp-content/themes/tvqhub/inc/shortcodes.php:17-17}() /Users/tvq/www/tvqhub/wp-includes/shortcodes.php:325
[08-Dec-2019 02:37:37 UTC] PHP  13. render() /Users/tvq/www/tvqhub/wp-content/themes/tvqhub/inc/shortcodes.php:17
[08-Dec-2019 02:37:37 UTC] PHP  14. get_template_part() /Users/tvq/www/tvqhub/wp-content/themes/tvqhub/inc/shortcodes.php:28
[08-Dec-2019 02:37:37 UTC] PHP  15. locate_template() /Users/tvq/www/tvqhub/wp-includes/general-template.php:168
[08-Dec-2019 02:37:37 UTC] PHP  16. load_template() /Users/tvq/www/tvqhub/wp-includes/template.php:671
[08-Dec-2019 02:37:37 UTC] PHP  17. require() /Users/tvq/www/tvqhub/wp-includes/template.php:724
[08-Dec-2019 02:37:39 UTC] WordPress database error Table 'tvqhub.wp_qod' doesn't exist for query SELECT * FROM wp_qod ORDER BY RAND() LIMIT 1 made by require('wp-blog-header.php'), require_once('wp-includes/template-loader.php'), include('/themes/tvqhub/index.php'), get_sidebar, locate_template, load_template, require_once('/themes/tvqhub/sidebar.php'), do_shortcode, preg_replace_callback, do_shortcode_tag, {closure}, render, get_template_part, locate_template, load_template, require('/themes/tvqhub/inc/qod/v-qod.php'), tvqhub_get_data_qod
[08-Dec-2019 02:37:39 UTC] PHP Notice:  Trying to get property 'quote' of non-object in /Users/tvq/www/tvqhub/wp-content/themes/tvqhub/inc/qod/v-qod.php on line 9
[08-Dec-2019 02:37:39 UTC] PHP Stack trace:
[08-Dec-2019 02:37:39 UTC] PHP   1. {main}() /Users/tvq/www/tvqhub/index.php:0
[08-Dec-2019 02:37:39 UTC] PHP   2. require() /Users/tvq/www/tvqhub/index.php:17
[08-Dec-2019 02:37:39 UTC] PHP   3. require_once() /Users/tvq/www/tvqhub/wp-blog-header.php:19
[08-Dec-2019 02:37:39 UTC] PHP   4. include() /Users/tvq/www/tvqhub/wp-includes/template-loader.php:98
[08-Dec-2019 02:37:39 UTC] PHP   5. get_sidebar() /Users/tvq/www/tvqhub/wp-content/themes/tvqhub/index.php:23
[08-Dec-2019 02:37:39 UTC] PHP   6. locate_template() /Users/tvq/www/tvqhub/wp-includes/general-template.php:111
[08-Dec-2019 02:37:39 UTC] PHP   7. load_template() /Users/tvq/www/tvqhub/wp-includes/template.php:671
[08-Dec-2019 02:37:39 UTC] PHP   8. require_once() /Users/tvq/www/tvqhub/wp-includes/template.php:722
[08-Dec-2019 02:37:39 UTC] PHP   9. do_shortcode() /Users/tvq/www/tvqhub/wp-content/themes/tvqhub/sidebar.php:14
[08-Dec-2019 02:37:39 UTC] PHP  10. preg_replace_callback() /Users/tvq/www/tvqhub/wp-includes/shortcodes.php:199
[08-Dec-2019 02:37:39 UTC] PHP  11. do_shortcode_tag() /Users/tvq/www/tvqhub/wp-includes/shortcodes.php:199
[08-Dec-2019 02:37:39 UTC] PHP  12. {closure:/Users/tvq/www/tvqhub/wp-content/themes/tvqhub/inc/shortcodes.php:17-17}() /Users/tvq/www/tvqhub/wp-includes/shortcodes.php:325
[08-Dec-2019 02:37:39 UTC] PHP  13. render() /Users/tvq/www/tvqhub/wp-content/themes/tvqhub/inc/shortcodes.php:17
[08-Dec-2019 02:37:39 UTC] PHP  14. get_template_part() /Users/tvq/www/tvqhub/wp-content/themes/tvqhub/inc/shortcodes.php:28
[08-Dec-2019 02:37:39 UTC] PHP  15. locate_template() /Users/tvq/www/tvqhub/wp-includes/general-template.php:168
[08-Dec-2019 02:37:39 UTC] PHP  16. load_template() /Users/tvq/www/tvqhub/wp-includes/template.php:671
[08-Dec-2019 02:37:39 UTC] PHP  17. require() /Users/tvq/www/tvqhub/wp-includes/template.php:724
[08-Dec-2019 02:37:39 UTC] PHP Notice:  Trying to get property 'author' of non-object in /Users/tvq/www/tvqhub/wp-content/themes/tvqhub/inc/qod/v-qod.php on line 10
[08-Dec-2019 02:37:39 UTC] PHP Stack trace:
[08-Dec-2019 02:37:39 UTC] PHP   1. {main}() /Users/tvq/www/tvqhub/index.php:0
[08-Dec-2019 02:37:39 UTC] PHP   2. require() /Users/tvq/www/tvqhub/index.php:17
[08-Dec-2019 02:37:39 UTC] PHP   3. require_once() /Users/tvq/www/tvqhub/wp-blog-header.php:19
[08-Dec-2019 02:37:39 UTC] PHP   4. include() /Users/tvq/www/tvqhub/wp-includes/template-loader.php:98
[08-Dec-2019 02:37:39 UTC] PHP   5. get_sidebar() /Users/tvq/www/tvqhub/wp-content/themes/tvqhub/index.php:23
[08-Dec-2019 02:37:39 UTC] PHP   6. locate_template() /Users/tvq/www/tvqhub/wp-includes/general-template.php:111
[08-Dec-2019 02:37:39 UTC] PHP   7. load_template() /Users/tvq/www/tvqhub/wp-includes/template.php:671
[08-Dec-2019 02:37:39 UTC] PHP   8. require_once() /Users/tvq/www/tvqhub/wp-includes/template.php:722
[08-Dec-2019 02:37:39 UTC] PHP   9. do_shortcode() /Users/tvq/www/tvqhub/wp-content/themes/tvqhub/sidebar.php:14
[08-Dec-2019 02:37:39 UTC] PHP  10. preg_replace_callback() /Users/tvq/www/tvqhub/wp-includes/shortcodes.php:199
[08-Dec-2019 02:37:39 UTC] PHP  11. do_shortcode_tag() /Users/tvq/www/tvqhub/wp-includes/shortcodes.php:199
[08-Dec-2019 02:37:39 UTC] PHP  12. {closure:/Users/tvq/www/tvqhub/wp-content/themes/tvqhub/inc/shortcodes.php:17-17}() /Users/tvq/www/tvqhub/wp-includes/shortcodes.php:325
[08-Dec-2019 02:37:39 UTC] PHP  13. render() /Users/tvq/www/tvqhub/wp-content/themes/tvqhub/inc/shortcodes.php:17
[08-Dec-2019 02:37:39 UTC] PHP  14. get_template_part() /Users/tvq/www/tvqhub/wp-content/themes/tvqhub/inc/shortcodes.php:28
[08-Dec-2019 02:37:39 UTC] PHP  15. locate_template() /Users/tvq/www/tvqhub/wp-includes/general-template.php:168
[08-Dec-2019 02:37:39 UTC] PHP  16. load_template() /Users/tvq/www/tvqhub/wp-includes/template.php:671
[08-Dec-2019 02:37:39 UTC] PHP  17. require() /Users/tvq/www/tvqhub/wp-includes/template.php:724
[08-Dec-2019 02:37:41 UTC] WordPress database error Table 'tvqhub.wp_qod' doesn't exist for query SELECT * FROM wp_qod ORDER BY RAND() LIMIT 1 made by require('wp-blog-header.php'), require_once('wp-includes/template-loader.php'), include('/themes/tvqhub/index.php'), get_sidebar, locate_template, load_template, require_once('/themes/tvqhub/sidebar.php'), do_shortcode, preg_replace_callback, do_shortcode_tag, {closure}, render, get_template_part, locate_template, load_template, require('/themes/tvqhub/inc/qod/v-qod.php'), tvqhub_get_data_qod
[08-Dec-2019 02:37:41 UTC] PHP Notice:  Trying to get property 'quote' of non-object in /Users/tvq/www/tvqhub/wp-content/themes/tvqhub/inc/qod/v-qod.php on line 9
[08-Dec-2019 02:37:41 UTC] PHP Stack trace:
[08-Dec-2019 02:37:41 UTC] PHP   1. {main}() /Users/tvq/www/tvqhub/index.php:0
[08-Dec-2019 02:37:41 UTC] PHP   2. require() /Users/tvq/www/tvqhub/index.php:17
[08-Dec-2019 02:37:41 UTC] PHP   3. require_once() /Users/tvq/www/tvqhub/wp-blog-header.php:19
[08-Dec-2019 02:37:41 UTC] PHP   4. include() /Users/tvq/www/tvqhub/wp-includes/template-loader.php:98
[08-Dec-2019 02:37:41 UTC] PHP   5. get_sidebar() /Users/tvq/www/tvqhub/wp-content/themes/tvqhub/index.php:23
[08-Dec-2019 02:37:41 UTC] PHP   6. locate_template() /Users/tvq/www/tvqhub/wp-includes/general-template.php:111
[08-Dec-2019 02:37:41 UTC] PHP   7. load_template() /Users/tvq/www/tvqhub/wp-includes/template.php:671
[08-Dec-2019 02:37:41 UTC] PHP   8. require_once() /Users/tvq/www/tvqhub/wp-includes/template.php:722
[08-Dec-2019 02:37:41 UTC] PHP   9. do_shortcode() /Users/tvq/www/tvqhub/wp-content/themes/tvqhub/sidebar.php:14
[08-Dec-2019 02:37:41 UTC] PHP  10. preg_replace_callback() /Users/tvq/www/tvqhub/wp-includes/shortcodes.php:199
[08-Dec-2019 02:37:41 UTC] PHP  11. do_shortcode_tag() /Users/tvq/www/tvqhub/wp-includes/shortcodes.php:199
[08-Dec-2019 02:37:41 UTC] PHP  12. {closure:/Users/tvq/www/tvqhub/wp-content/themes/tvqhub/inc/shortcodes.php:17-17}() /Users/tvq/www/tvqhub/wp-includes/shortcodes.php:325
[08-Dec-2019 02:37:41 UTC] PHP  13. render() /Users/tvq/www/tvqhub/wp-content/themes/tvqhub/inc/shortcodes.php:17
[08-Dec-2019 02:37:41 UTC] PHP  14. get_template_part() /Users/tvq/www/tvqhub/wp-content/themes/tvqhub/inc/shortcodes.php:28
[08-Dec-2019 02:37:41 UTC] PHP  15. locate_template() /Users/tvq/www/tvqhub/wp-includes/general-template.php:168
[08-Dec-2019 02:37:41 UTC] PHP  16. load_template() /Users/tvq/www/tvqhub/wp-includes/template.php:671
[08-Dec-2019 02:37:41 UTC] PHP  17. require() /Users/tvq/www/tvqhub/wp-includes/template.php:724
[08-Dec-2019 02:37:41 UTC] PHP Notice:  Trying to get property 'author' of non-object in /Users/tvq/www/tvqhub/wp-content/themes/tvqhub/inc/qod/v-qod.php on line 10
[08-Dec-2019 02:37:41 UTC] PHP Stack trace:
[08-Dec-2019 02:37:41 UTC] PHP   1. {main}() /Users/tvq/www/tvqhub/index.php:0
[08-Dec-2019 02:37:41 UTC] PHP   2. require() /Users/tvq/www/tvqhub/index.php:17
[08-Dec-2019 02:37:41 UTC] PHP   3. require_once() /Users/tvq/www/tvqhub/wp-blog-header.php:19
[08-Dec-2019 02:37:41 UTC] PHP   4. include() /Users/tvq/www/tvqhub/wp-includes/template-loader.php:98
[08-Dec-2019 02:37:41 UTC] PHP   5. get_sidebar() /Users/tvq/www/tvqhub/wp-content/themes/tvqhub/index.php:23
[08-Dec-2019 02:37:41 UTC] PHP   6. locate_template() /Users/tvq/www/tvqhub/wp-includes/general-template.php:111
[08-Dec-2019 02:37:41 UTC] PHP   7. load_template() /Users/tvq/www/tvqhub/wp-includes/template.php:671
[08-Dec-2019 02:37:41 UTC] PHP   8. require_once() /Users/tvq/www/tvqhub/wp-includes/template.php:722
[08-Dec-2019 02:37:41 UTC] PHP   9. do_shortcode() /Users/tvq/www/tvqhub/wp-content/themes/tvqhub/sidebar.php:14
[08-Dec-2019 02:37:41 UTC] PHP  10. preg_replace_callback() /Users/tvq/www/tvqhub/wp-includes/shortcodes.php:199
[08-Dec-2019 02:37:41 UTC] PHP  11. do_shortcode_tag() /Users/tvq/www/tvqhub/wp-includes/shortcodes.php:199
[08-Dec-2019 02:37:41 UTC] PHP  12. {closure:/Users/tvq/www/tvqhub/wp-content/themes/tvqhub/inc/shortcodes.php:17-17}() /Users/tvq/www/tvqhub/wp-includes/shortcodes.php:325
[08-Dec-2019 02:37:41 UTC] PHP  13. render() /Users/tvq/www/tvqhub/wp-content/themes/tvqhub/inc/shortcodes.php:17
[08-Dec-2019 02:37:41 UTC] PHP  14. get_template_part() /Users/tvq/www/tvqhub/wp-content/themes/tvqhub/inc/shortcodes.php:28
[08-Dec-2019 02:37:41 UTC] PHP  15. locate_template() /Users/tvq/www/tvqhub/wp-includes/general-template.php:168
[08-Dec-2019 02:37:41 UTC] PHP  16. load_template() /Users/tvq/www/tvqhub/wp-includes/template.php:671
[08-Dec-2019 02:37:41 UTC] PHP  17. require() /Users/tvq/www/tvqhub/wp-includes/template.php:724
